* Option 'clustermq.scheduler' not set, defaulting to ‘SLURM’
--- see: https://mschubert.github.io/clustermq/articles/userguide.html#configuration
✔ All targets are already up to date.
Warning messages:
1: In max(skew, na.rm = T) :
  no non-missing arguments to max; returning -Inf
2: In min(skew, na.rm = T) :
  no non-missing arguments to min; returning Inf
3: In max(skew, na.rm = T) :
  no non-missing arguments to max; returning -Inf
4: In min(skew, na.rm = T) :
  no non-missing arguments to min; returning Inf
5: In max(skew, na.rm = T) :
  no non-missing arguments to max; returning -Inf
6: In min(skew, na.rm = T) :
  no non-missing arguments to min; returning Inf
7: In max(skew, na.rm = T) :
  no non-missing arguments to max; returning -Inf
8: In min(skew, na.rm = T) :
  no non-missing arguments to min; returning Inf
